2019-02-18 14:53:44,919 [main-7302] INFO  self.activiti.ActivitiApplication - [Starting ActivitiApplication on liuhaodeMacBook-Pro.local with PID 7302 (/Users/liuhao/IdeaProjects/activiti/target/classes started by liuhao in /Users/liuhao/IdeaProjects/activiti)]
2019-02-18 14:53:44,925 [main-7302] INFO  self.activiti.ActivitiApplication - [The following profiles are active: dev]
2019-02-18 14:53:45,018 [main-7302] INFO  org.springframework.boot.web.servlet.context.AnnotationConfigServletWebServerApplicationContext - [Refreshing org.springframework.boot.web.servlet.context.AnnotationConfigServletWebServerApplicationContext@77d2e85: startup date [Mon Feb 18 14:53:45 CST 2019]; root of context hierarchy]
2019-02-18 14:53:46,451 [main-7302] INFO  org.springframework.boot.web.embedded.tomcat.TomcatWebServer - [Tomcat initialized with port(s): 10011 (http)]
2019-02-18 14:53:46,465 [main-7302] INFO  org.apache.coyote.http11.Http11NioProtocol - [Initializing ProtocolHandler ["http-nio-10011"]]
2019-02-18 14:53:46,473 [main-7302] INFO  org.apache.catalina.core.StandardService - [Starting service [Tomcat]]
2019-02-18 14:53:46,474 [main-7302] INFO  org.apache.catalina.core.StandardEngine - [Starting Servlet Engine: Apache Tomcat/8.5.34]
2019-02-18 14:53:46,478 [localhost-startStop-1-7302] INFO  org.apache.catalina.core.AprLifecycleListener - [The APR based Apache Tomcat Native library which allows optimal performance in production environments was not found on the java.library.path: [/Users/liuhao/Library/Java/Extensions:/Library/Java/Extensions:/Network/Library/Java/Extensions:/System/Library/Java/Extensions:/usr/lib/java:.]]
2019-02-18 14:53:46,579 [localhost-startStop-1-7302] INFO  org.apache.catalina.core.ContainerBase.[Tomcat].[localhost].[/] - [Initializing Spring embedded WebApplicationContext]
2019-02-18 14:53:46,579 [localhost-startStop-1-7302] INFO  org.springframework.web.context.ContextLoader - [Root WebApplicationContext: initialization completed in 1561 ms]
2019-02-18 14:53:46,659 [localhost-startStop-1-7302] INFO  org.springframework.boot.web.servlet.ServletRegistrationBean - [Servlet dispatcherServlet mapped to [/]]
2019-02-18 14:53:46,666 [localhost-startStop-1-7302] INFO  org.springframework.boot.web.servlet.FilterRegistrationBean - [Mapping filter: 'characterEncodingFilter' to: [/*]]
2019-02-18 14:53:46,667 [localhost-startStop-1-7302] INFO  org.springframework.boot.web.servlet.FilterRegistrationBean - [Mapping filter: 'hiddenHttpMethodFilter' to: [/*]]
2019-02-18 14:53:46,667 [localhost-startStop-1-7302] INFO  org.springframework.boot.web.servlet.FilterRegistrationBean - [Mapping filter: 'httpPutFormContentFilter' to: [/*]]
2019-02-18 14:53:46,667 [localhost-startStop-1-7302] INFO  org.springframework.boot.web.servlet.FilterRegistrationBean - [Mapping filter: 'requestContextFilter' to: [/*]]
2019-02-18 14:53:46,893 [main-7302] INFO  com.zaxxer.hikari.HikariDataSource - [activiti - Starting...]
2019-02-18 14:53:47,101 [main-7302] INFO  com.zaxxer.hikari.HikariDataSource - [activiti - Start completed.]
2019-02-18 14:53:47,806 [main-7302] INFO  org.activiti.engine.compatibility.DefaultActiviti5CompatibilityHandlerFactory - [Activiti 5 compatibility handler implementation not found or error during instantiation : org.activiti.compatibility.DefaultActiviti5CompatibilityHandler. Activiti 5 backwards compatibility disabled.]
2019-02-18 14:53:47,903 [main-7302] INFO  org.activiti.engine.impl.ProcessEngineImpl - [ProcessEngine default created]
2019-02-18 14:53:47,904 [main-7302] INFO  org.activiti.engine.impl.asyncexecutor.DefaultAsyncJobExecutor - [Starting up the default async job executor [org.activiti.spring.SpringAsyncExecutor].]
2019-02-18 14:53:47,905 [Thread-10-7302] INFO  org.activiti.engine.impl.asyncexecutor.AcquireAsyncJobsDueRunnable - [{} starting to acquire async jobs due]
2019-02-18 14:53:47,905 [Thread-11-7302] INFO  org.activiti.engine.impl.asyncexecutor.AcquireTimerJobsRunnable - [{} starting to acquire async jobs due]
2019-02-18 14:53:47,905 [Thread-12-7302] INFO  org.activiti.engine.impl.asyncexecutor.ResetExpiredJobsRunnable - [{} starting to reset expired jobs]
2019-02-18 14:53:47,936 [main-7302] INFO  self.activiti.services.ActivitiServiceImpl - [spring容器初始化bean执行方法:self.activiti.services.ActivitiServiceImpl]
2019-02-18 14:53:47,936 [main-7302] INFO  self.activiti.services.ActivitiServiceImpl - [部署 Activiti 工作引擎流程文件:bpmn/FinancialReport.bpmn20.xml,开始]
2019-02-18 14:53:48,268 [main-7302] INFO  self.activiti.services.ActivitiServiceImpl - [部署 Activiti 工作引擎流程文件:bpmn/FinancialReport.bpmn20.xml,结束 部署Id:12501,部署名字:null]
2019-02-18 14:53:48,268 [main-7302] INFO  self.activiti.services.ActivitiServiceImpl - [创建 Activiti 流程实例:keyfinancialReport,开始]
2019-02-18 14:53:48,326 [main-7302] INFO  self.activiti.services.ActivitiServiceImpl - [创建 Activiti 流程实例:keyfinancialReport,结束]
2019-02-18 14:53:48,451 [main-7302] INFO  org.springframework.web.servlet.handler.SimpleUrlHandlerMapping - [Mapped URL path [/**/favicon.ico] onto handler of type [class org.springframework.web.servlet.resource.ResourceHttpRequestHandler]]
2019-02-18 14:53:48,658 [main-7302] INFO  org.springframework.web.servlet.mvc.method.annotation.RequestMappingHandlerAdapter - [Looking for @ControllerAdvice: org.springframework.boot.web.servlet.context.AnnotationConfigServletWebServerApplicationContext@77d2e85: startup date [Mon Feb 18 14:53:45 CST 2019]; root of context hierarchy]
2019-02-18 14:53:48,721 [main-7302] INFO  org.springframework.web.servlet.mvc.method.annotation.RequestMappingHandlerMapping - [Mapped "{[/start]}" onto public void self.activiti.controller.TestController.startProcessInstance()]
2019-02-18 14:53:48,725 [main-7302] INFO  org.springframework.web.servlet.mvc.method.annotation.RequestMappingHandlerMapping - [Mapped "{[/error]}" onto public org.springframework.http.ResponseEntity<java.util.Map<java.lang.String, java.lang.Object>> org.springframework.boot.autoconfigure.web.servlet.error.BasicErrorController.error(javax.servlet.http.HttpServletRequest)]
2019-02-18 14:53:48,726 [main-7302] INFO  org.springframework.web.servlet.mvc.method.annotation.RequestMappingHandlerMapping - [Mapped "{[/error],produces=[text/html]}" onto public org.springframework.web.servlet.ModelAndView org.springframework.boot.autoconfigure.web.servlet.error.BasicErrorController.errorHtml(javax.servlet.http.HttpServletRequest,javax.servlet.http.HttpServletResponse)]
2019-02-18 14:53:48,746 [main-7302] INFO  org.springframework.web.servlet.handler.BeanNameUrlHandlerMapping - [Mapped URL path [/activiti] onto handler '/activiti']
2019-02-18 14:53:48,751 [main-7302] INFO  org.springframework.web.servlet.handler.SimpleUrlHandlerMapping - [Mapped URL path [/webjars/**] onto handler of type [class org.springframework.web.servlet.resource.ResourceHttpRequestHandler]]
2019-02-18 14:53:48,751 [main-7302] INFO  org.springframework.web.servlet.handler.SimpleUrlHandlerMapping - [Mapped URL path [/**] onto handler of type [class org.springframework.web.servlet.resource.ResourceHttpRequestHandler]]
2019-02-18 14:53:49,010 [main-7302] INFO  org.springframework.jmx.export.annotation.AnnotationMBeanExporter - [Registering beans for JMX exposure on startup]
2019-02-18 14:53:49,011 [main-7302] INFO  org.springframework.jmx.export.annotation.AnnotationMBeanExporter - [Bean with name 'dataSource' has been autodetected for JMX exposure]
2019-02-18 14:53:49,017 [main-7302] INFO  org.springframework.jmx.export.annotation.AnnotationMBeanExporter - [Located MBean 'dataSource': registering with JMX server as MBean [com.zaxxer.hikari:name=dataSource,type=HikariDataSource]]
2019-02-18 14:53:49,027 [main-7302] INFO  org.apache.coyote.http11.Http11NioProtocol - [Starting ProtocolHandler ["http-nio-10011"]]
2019-02-18 14:53:49,052 [main-7302] INFO  org.apache.tomcat.util.net.NioSelectorPool - [Using a shared selector for servlet write/read]
2019-02-18 14:53:49,071 [main-7302] INFO  org.springframework.boot.web.embedded.tomcat.TomcatWebServer - [Tomcat started on port(s): 10011 (http) with context path '']
2019-02-18 14:53:49,079 [main-7302] INFO  self.activiti.ActivitiApplication - [Started ActivitiApplication in 4.981 seconds (JVM running for 6.1)]
2019-02-18 14:57:42,238 [Thread-16-7302] INFO  org.springframework.boot.web.servlet.context.AnnotationConfigServletWebServerApplicationContext - [Closing org.springframework.boot.web.servlet.context.AnnotationConfigServletWebServerApplicationContext@77d2e85: startup date [Mon Feb 18 14:53:45 CST 2019]; root of context hierarchy]
2019-02-18 14:57:42,241 [Thread-16-7302] INFO  org.springframework.jmx.export.annotation.AnnotationMBeanExporter - [Unregistering JMX-exposed beans on shutdown]
2019-02-18 14:57:42,242 [Thread-16-7302] INFO  org.springframework.jmx.export.annotation.AnnotationMBeanExporter - [Unregistering JMX-exposed beans]
2019-02-18 14:57:42,246 [Thread-16-7302] INFO  org.activiti.engine.impl.asyncexecutor.DefaultAsyncJobExecutor - [Shutting down the default async job executor [org.activiti.spring.SpringAsyncExecutor].]
2019-02-18 14:57:42,246 [activiti-reset-expired-jobs-7302] INFO  org.activiti.engine.impl.asyncexecutor.ResetExpiredJobsRunnable - [{} stopped resetting expired jobs]
2019-02-18 14:57:42,246 [activiti-acquire-async-jobs-7302] INFO  org.activiti.engine.impl.asyncexecutor.AcquireAsyncJobsDueRunnable - [{} stopped async job due acquisition]
2019-02-18 14:57:42,246 [activiti-acquire-timer-jobs-7302] INFO  org.activiti.engine.impl.asyncexecutor.AcquireTimerJobsRunnable - [{} stopped async job due acquisition]
2019-02-18 14:57:42,248 [Thread-16-7302] INFO  com.zaxxer.hikari.HikariDataSource - [activiti - Shutdown initiated...]
2019-02-18 14:57:42,253 [Thread-16-7302] INFO  com.zaxxer.hikari.HikariDataSource - [activiti - Shutdown completed.]
